I, [2017-10-09T11:24:16.456593 #2422]  INFO --  (70175928088540): "Agent = eyes.calabash.ruby/3.12.0"
I, [2017-10-09T11:24:16.456762 #2422]  INFO --  (70175928088540): "openBase(app_name: Sample Feature, test_name: The first screen, viewport_size: {:width=>\"750\", :height=>\"1334\"})"
I, [2017-10-09T11:24:18.510773 #2422]  INFO --  (70175928088540): "check_window_base(#<Object:0x007fa6383102f0>, , false, -1)"
I, [2017-10-09T11:24:18.510862 #2422]  INFO --  (70175928088540): "No running session, calling start session.."
I, [2017-10-09T11:24:18.510898 #2422]  INFO --  (70175928088540): "start_session()"
I, [2017-10-09T11:24:18.510960 #2422]  INFO --  (70175928088540): "No batch set"
I, [2017-10-09T11:24:18.547310 #2422]  INFO --  (70175928088540): "Batch is {\"id\"=>\"670f3c08-e057-4b66-a65d-b218df94a76a\", \"name\"=>nil, \"startedAt\"=>\"2017-10-09T11:24:18+03:00\"}"
I, [2017-10-09T11:24:18.547444 #2422]  INFO --  (70175928088540): "Application environment is os: iOS(11.0); hostingApp: ; displaySize: {:width=>\"750\", :height=>\"1334\"}; inferred: density: 2; "
I, [2017-10-09T11:24:18.547526 #2422]  INFO --  (70175928088540): "Starting server session..."
I, [2017-10-09T11:24:20.625690 #2422]  INFO --  (70175928088540): "Server session ID is MDAwMDAyNTE4OTQ3NjMzNDA1NDg~;MDAwMDAyNTE4OTQ3NjMzNDAyNjc~"
I, [2017-10-09T11:24:20.625799 #2422]  INFO --  (70175928088540): "--- Test started - 'The first screen' of 'Sample Feature' os: iOS(11.0); hostingApp: ; displaySize: {:width=>\"750\", :height=>\"1334\"}; inferred: density: 2; "
I, [2017-10-09T11:24:20.625826 #2422]  INFO --  (70175928088540): "Done!"
I, [2017-10-09T11:24:20.625879 #2422]  INFO --  (70175928088540): "Calling match_window..."
I, [2017-10-09T11:24:20.625933 #2422]  INFO --  (70175928088540): "retry_timeout = 2"
I, [2017-10-09T11:24:20.626036 #2422]  INFO --  (70175928088540): "Getting screenshot..."
I, [2017-10-09T11:24:22.113128 #2422]  INFO --  (70175928088540): "Done getting screenshot!"
I, [2017-10-09T11:24:22.302944 #2422]  INFO --  (70175928088540): "Compressing screenshot..."
I, [2017-10-09T11:24:22.303021 #2422]  INFO --  (70175928088540): "Done! Getting title..."
I, [2017-10-09T11:24:22.303041 #2422]  INFO --  (70175928088540): "Done!"
D, [2017-10-09T11:24:22.335139 #2422] DEBUG --  (70175928088540): "Sending match data..."
I, [2017-10-09T11:24:23.778513 #2422]  INFO --  (70175928088540): "Completed in 3.15 seconds"
I, [2017-10-09T11:24:23.778566 #2422]  INFO --  (70175928088540): "match_window done!"
I, [2017-10-09T11:24:23.778589 #2422]  INFO --  (70175928088540): "Done!"
